<?xml version="1.0" encoding="UTF-8"?>
<!DOCTYPE suite SYSTEM "http://testng.org/testng-1.0.dtd" >
<!--
To change this license header, choose License Headers in Project Properties.
To change this template file, choose Tools | Templates
and open the template in the editor.


http://testng.org/doc/documentation-main.html#testng-xml

-->



  
<suite name="Junit Suite" verbose="4"  junit="true" >
  
<!--
  
  
  this will run junit tests under testng
  
    -->
  
    <test name="Alpha" parallel="classes" thread-count="1"  junit="true" >
        <packages>
            <package name="com.dhenton9000.phantom.js" />
        </packages>
        <classes>
            <class name="com.lazerycode.selenium.filedownloader.FileUploaderTest"/>
 
    
        </classes>
    </test>

  
</suite>
